<?xml version="1.0" encoding="UTF-8"?>
<testng-results ignored="4" total="14" passed="9" failed="1" skipped="0">
  <reporter-output>
  </reporter-output>
  <suite started-at="2023-11-24T16:12:30 IST" name="Suite" finished-at="2023-11-24T16:12:30 IST" duration-ms="158">
    <groups>
      <group name="Smoke">
        <method signature="day2.thirdtest()[pri:0, instance:test.day2@708f5957]" name="thirdtest" class="test.day2"/>
      </group> <!-- Smoke -->
    </groups>
    <test started-at="2023-11-24T16:12:30 IST" name="carloan" finished-at="2023-11-24T16:12:30 IST" duration-ms="121">
      <class name="test.day3">
        <test-method is-config="true" signature="bfsuite()[pri:0, instance:test.day3@9f116cc]" started-at="2023-11-24T16:12:30 IST" name="bfsuite" finished-at="2023-11-24T16:12:30 IST" duration-ms="10" status="PASS">
          <reporter-output>
          </reporter-output>
        </test-method> <!-- bfsuite -->
        <test-method is-config="true" signature="bfmethod()[pri:0, instance:test.day3@9f116cc]" started-at="2023-11-24T16:12:30 IST" name="bfmethod" finished-at="2023-11-24T16:12:30 IST" duration-ms="0" status="PASS">
          <reporter-output>
          </reporter-output>
        </test-method> <!-- bfmethod -->
        <test-method signature="carloanweblogin(java.lang.String,java.lang.String)[pri:0, instance:test.day3@9f116cc]" started-at="2023-11-24T16:12:30 IST" name="carloanweblogin" finished-at="2023-11-24T16:12:30 IST" duration-ms="14" status="PASS">
          <params>
            <param index="0">
              <value>
                <![CDATA[carloan.com]]>
              </value>
            </param>
            <param index="1">
              <value>
                <![CDATA[12345]]>
              </value>
            </param>
          </params>
          <reporter-output>
          </reporter-output>
        </test-method> <!-- carloanweblogin -->
        <test-method is-config="true" signature="bfmethod()[pri:0, instance:test.day3@9f116cc]" started-at="2023-11-24T16:12:30 IST" name="bfmethod" finished-at="2023-11-24T16:12:30 IST" duration-ms="1" status="PASS">
          <reporter-output>
          </reporter-output>
        </test-method> <!-- bfmethod -->
        <test-method signature="websignoutcarloan(java.lang.String,java.lang.String)[pri:0, instance:test.day3@9f116cc]" started-at="2023-11-24T16:12:30 IST" name="websignoutcarloan" data-provider="getdata" finished-at="2023-11-24T16:12:30 IST" duration-ms="6" status="PASS">
          <params>
            <param index="0">
              <value>
                <![CDATA[first username]]>
              </value>
            </param>
            <param index="1">
              <value>
                <![CDATA[password]]>
              </value>
            </param>
          </params>
          <reporter-output>
          </reporter-output>
        </test-method> <!-- websignoutcarloan -->
        <test-method is-config="true" signature="bfmethod()[pri:0, instance:test.day3@9f116cc]" started-at="2023-11-24T16:12:30 IST" name="bfmethod" finished-at="2023-11-24T16:12:30 IST" duration-ms="0" status="PASS">
          <reporter-output>
          </reporter-output>
        </test-method> <!-- bfmethod -->
        <test-method signature="websignoutcarloan(java.lang.String,java.lang.String)[pri:0, instance:test.day3@9f116cc]" started-at="2023-11-24T16:12:30 IST" name="websignoutcarloan" data-provider="getdata" finished-at="2023-11-24T16:12:30 IST" duration-ms="2" status="PASS">
          <params>
            <param index="0">
              <value>
                <![CDATA[second username]]>
              </value>
            </param>
            <param index="1">
              <value>
                <![CDATA[password]]>
              </value>
            </param>
          </params>
          <reporter-output>
          </reporter-output>
        </test-method> <!-- websignoutcarloan -->
        <test-method is-config="true" signature="bfmethod()[pri:0, instance:test.day3@9f116cc]" started-at="2023-11-24T16:12:30 IST" name="bfmethod" finished-at="2023-11-24T16:12:30 IST" duration-ms="1" status="PASS">
          <reporter-output>
          </reporter-output>
        </test-method> <!-- bfmethod -->
        <test-method signature="websignoutcarloan(java.lang.String,java.lang.String)[pri:0, instance:test.day3@9f116cc]" started-at="2023-11-24T16:12:30 IST" name="websignoutcarloan" data-provider="getdata" finished-at="2023-11-24T16:12:30 IST" duration-ms="3" status="PASS">
          <params>
            <param index="0">
              <value>
                <![CDATA[third username]]>
              </value>
            </param>
            <param index="1">
              <value>
                <![CDATA[password]]>
              </value>
            </param>
          </params>
          <reporter-output>
          </reporter-output>
        </test-method> <!-- websignoutcarloan -->
        <test-method is-config="true" signature="bfmethod()[pri:0, instance:test.day3@9f116cc]" started-at="2023-11-24T16:12:30 IST" name="bfmethod" finished-at="2023-11-24T16:12:30 IST" duration-ms="2" status="PASS">
          <reporter-output>
          </reporter-output>
        </test-method> <!-- bfmethod -->
        <test-method signature="carloanapilogin()[pri:0, instance:test.day3@9f116cc]" started-at="2023-11-24T16:12:30 IST" name="carloanapilogin" finished-at="2023-11-24T16:12:30 IST" depends-on-methods="test.day3.carloanweblogin" duration-ms="2" status="PASS">
          <reporter-output>
          </reporter-output>
        </test-method> <!-- carloanapilogin -->
      </class> <!-- test.day3 -->
      <class name="test.day1">
        <test-method is-config="true" signature="afsuite()[pri:0, instance:test.day1@3427b02d]" started-at="2023-11-24T16:12:31 IST" name="afsuite" finished-at="2023-11-24T16:12:31 IST" duration-ms="2" status="PASS">
          <reporter-output>
          </reporter-output>
        </test-method> <!-- afsuite -->
      </class> <!-- test.day1 -->
    </test> <!-- carloan -->
    <test started-at="2023-11-24T16:12:30 IST" name="personalloan" finished-at="2023-11-24T16:12:30 IST" duration-ms="158">
      <class name="test.day4">
        <test-method is-config="true" signature="beforeclass()[pri:0, instance:test.day4@68999068]" started-at="2023-11-24T16:12:30 IST" name="beforeclass" finished-at="2023-11-24T16:12:30 IST" duration-ms="0" status="PASS">
          <reporter-output>
          </reporter-output>
        </test-method> <!-- beforeclass -->
        <test-method is-config="true" signature="bfmethod()[pri:0, instance:test.day4@68999068]" started-at="2023-11-24T16:12:30 IST" name="bfmethod" finished-at="2023-11-24T16:12:30 IST" duration-ms="1" status="PASS">
          <reporter-output>
          </reporter-output>
        </test-method> <!-- bfmethod -->
        <test-method signature="homeloanapilogin()[pri:0, instance:test.day4@68999068]" started-at="2023-11-24T16:12:30 IST" name="homeloanapilogin" finished-at="2023-11-24T16:12:30 IST" duration-ms="4" status="PASS">
          <reporter-output>
          </reporter-output>
        </test-method> <!-- homeloanapilogin -->
        <test-method is-config="true" signature="bfmethod()[pri:0, instance:test.day4@68999068]" started-at="2023-11-24T16:12:30 IST" name="bfmethod" finished-at="2023-11-24T16:12:30 IST" duration-ms="1" status="PASS">
          <reporter-output>
          </reporter-output>
        </test-method> <!-- bfmethod -->
        <test-method signature="homeloanmobilelogin(java.lang.String)[pri:0, instance:test.day4@68999068]" started-at="2023-11-24T16:12:30 IST" name="homeloanmobilelogin" finished-at="2023-11-24T16:12:30 IST" duration-ms="6" status="PASS">
          <params>
            <param index="0">
              <value>
                <![CDATA[homeloan.com]]>
              </value>
            </param>
          </params>
          <reporter-output>
          </reporter-output>
        </test-method> <!-- homeloanmobilelogin -->
        <test-method is-config="true" signature="bfmethod()[pri:0, instance:test.day4@68999068]" started-at="2023-11-24T16:12:30 IST" name="bfmethod" finished-at="2023-11-24T16:12:30 IST" duration-ms="0" status="PASS">
          <reporter-output>
          </reporter-output>
        </test-method> <!-- bfmethod -->
        <test-method signature="homeloanweblogin()[pri:0, instance:test.day4@68999068]" started-at="2023-11-24T16:12:30 IST" name="homeloanweblogin" finished-at="2023-11-24T16:12:30 IST" duration-ms="2" status="PASS">
          <reporter-output>
          </reporter-output>
        </test-method> <!-- homeloanweblogin -->
        <test-method is-config="true" signature="afetrclass()[pri:0, instance:test.day4@68999068]" started-at="2023-11-24T16:12:30 IST" name="afetrclass" finished-at="2023-11-24T16:12:30 IST" duration-ms="4" status="PASS">
          <reporter-output>
          </reporter-output>
        </test-method> <!-- afetrclass -->
      </class> <!-- test.day4 -->
      <class name="test.day2">
        <test-method is-config="true" signature="beforetest()[pri:0, instance:test.day2@708f5957]" started-at="2023-11-24T16:12:30 IST" name="beforetest" finished-at="2023-11-24T16:12:30 IST" duration-ms="3" status="PASS">
          <reporter-output>
          </reporter-output>
        </test-method> <!-- beforetest -->
        <test-method signature="thirdtest()[pri:0, instance:test.day2@708f5957]" started-at="2023-11-24T16:12:30 IST" name="thirdtest" finished-at="2023-11-24T16:12:30 IST" duration-ms="4" status="PASS">
          <reporter-output>
          </reporter-output>
        </test-method> <!-- thirdtest -->
      </class> <!-- test.day2 -->
      <class name="test.day1">
        <test-method signature="secondtest()[pri:0, instance:test.day1@3427b02d]" started-at="2023-11-24T16:12:30 IST" name="secondtest" finished-at="2023-11-24T16:12:30 IST" duration-ms="22" status="FAIL">
          <exception class="java.lang.AssertionError">
            <message>
              <![CDATA[expected [true] but found [false]]]>
            </message>
            <full-stacktrace>
              <![CDATA[java.lang.AssertionError: expected [true] but found [false]
at org.testng.Assert.fail(Assert.java:99)
at org.testng.Assert.failNotEquals(Assert.java:1037)
at org.testng.Assert.assertTrue(Assert.java:45)
at org.testng.Assert.assertTrue(Assert.java:55)
at test.day1.secondtest(day1.java:29)
at java.base/jdk.internal.reflect.DirectMethodHandleAccessor.invoke(DirectMethodHandleAccessor.java:104)
at java.base/java.lang.reflect.Method.invoke(Method.java:578)
at org.testng.internal.MethodInvocationHelper.invokeMethod(MethodInvocationHelper.java:133)
at org.testng.internal.InvokeMethodRunnable.runOne(InvokeMethodRunnable.java:45)
at org.testng.internal.InvokeMethodRunnable.call(InvokeMethodRunnable.java:73)
at org.testng.internal.InvokeMethodRunnable.call(InvokeMethodRunnable.java:11)
at java.base/java.util.concurrent.FutureTask.run(FutureTask.java:317)
at java.base/java.util.concurrent.ThreadPoolExecutor.runWorker(ThreadPoolExecutor.java:1144)
at java.base/java.util.concurrent.ThreadPoolExecutor$Worker.run(ThreadPoolExecutor.java:642)
at java.base/java.lang.Thread.run(Thread.java:1623)
]]>
            </full-stacktrace>
          </exception> <!-- java.lang.AssertionError -->
          <reporter-output>
          </reporter-output>
        </test-method> <!-- secondtest -->
        <test-method is-config="true" signature="lasttest()[pri:0, instance:test.day1@3427b02d]" started-at="2023-11-24T16:12:30 IST" name="lasttest" finished-at="2023-11-24T16:12:30 IST" duration-ms="32" status="PASS">
          <reporter-output>
          </reporter-output>
        </test-method> <!-- lasttest -->
      </class> <!-- test.day1 -->
    </test> <!-- personalloan -->
  </suite> <!-- Suite -->
</testng-results>
