<?xml version="1.0" encoding="UTF-8"?>
<testng-results ignored="0" total="2" passed="2" failed="0" skipped="0">
  <reporter-output>
  </reporter-output>
  <suite started-at="2023-11-15T09:54:19 IST" name="Default suite" finished-at="2023-11-15T09:54:19 IST" duration-ms="125">
    <groups>
    </groups>
    <test started-at="2023-11-15T09:54:19 IST" name="Default test" finished-at="2023-11-15T09:54:19 IST" duration-ms="125">
      <class name="testNG.testNG1">
        <test-method signature="demo()[pri:0, instance:testNG.testNG1@1530c739]" started-at="2023-11-15T09:54:19 IST" name="demo" finished-at="2023-11-15T09:54:19 IST" duration-ms="15" status="PASS">
          <reporter-output>
          </reporter-output>
        </test-method> <!-- demo -->
        <test-method signature="secondtest()[pri:0, instance:testNG.testNG1@1530c739]" started-at="2023-11-15T09:54:19 IST" name="secondtest" finished-at="2023-11-15T09:54:19 IST" duration-ms="4" status="PASS">
          <reporter-output>
          </reporter-output>
        </test-method> <!-- secondtest -->
      </class> <!-- testNG.testNG1 -->
    </test> <!-- Default test -->
  </suite> <!-- Default suite -->
</testng-results>
