<?xml version="1.0" encoding="UTF-8"?>
<testng-results ignored="0" total="1" passed="1" failed="0" skipped="0">
  <reporter-output>
  </reporter-output>
  <suite started-at="2023-11-26T08:51:37 IST" name="Default suite" finished-at="2023-11-26T08:51:37 IST" duration-ms="76">
    <groups>
    </groups>
    <test started-at="2023-11-26T08:51:37 IST" name="Default test" finished-at="2023-11-26T08:51:37 IST" duration-ms="76">
      <class name="ps1">
        <test-method is-config="true" signature="beforerun()[pri:0, instance:ps1@3d680b5a]" started-at="2023-11-26T08:51:37 IST" name="beforerun" finished-at="2023-11-26T08:51:37 IST" duration-ms="7" status="PASS">
          <reporter-output>
          </reporter-output>
        </test-method> <!-- beforerun -->
        <test-method signature="testrun()[pri:0, instance:ps1@3d680b5a]" started-at="2023-11-26T08:51:37 IST" name="testrun" finished-at="2023-11-26T08:51:37 IST" duration-ms="13" status="PASS">
          <reporter-output>
          </reporter-output>
        </test-method> <!-- testrun -->
        <test-method is-config="true" signature="afterrun()[pri:0, instance:ps1@3d680b5a]" started-at="2023-11-26T08:51:37 IST" name="afterrun" finished-at="2023-11-26T08:51:37 IST" duration-ms="1" status="PASS">
          <reporter-output>
          </reporter-output>
        </test-method> <!-- afterrun -->
      </class> <!-- ps1 -->
    </test> <!-- Default test -->
  </suite> <!-- Default suite -->
</testng-results>
