<?xml version="1.0" encoding="UTF-8"?>
<!-- Generated by org.testng.reporters.JUnitXMLReporter -->
<testsuite ignored="2" hostname="DESKTOP-TDN5H4E" failures="0" tests="5" name="carloan" time="0.121" errors="0" timestamp="2023-11-24T16:12:30 IST">
  <testcase classname="test.day3" name="carloanweblogin" time="0.014"/>
  <testcase classname="test.day3" name="websignoutcarloan" time="0.006"/>
  <testcase classname="test.day3" name="websignoutcarloan" time="0.002"/>
  <testcase classname="test.day3" name="websignoutcarloan" time="0.003"/>
  <testcase classname="test.day3" name="carloanapilogin" time="0.002"/>
  <testcase classname="test.day3" name="mobilelogincarloan" time="0.0">
    <ignored/>
  </testcase> <!-- mobilelogincarloan -->
  <testcase classname="test.day3" name="mobilelogoutcarloan" time="0.0">
    <ignored/>
  </testcase> <!-- mobilelogoutcarloan -->
</testsuite> <!-- carloan -->
